2025-06-02 10:07:44 [INFO]: Login attempt with email: emekarexchukwu@gmail.com
2025-06-02 10:07:45 [INFO]: Verification email sent to emekarexchukwu@gmail.com
2025-06-02 10:08:28 [INFO]: Login attempt with email: emekarexchukwu@gmail.com
2025-06-02 10:08:29 [INFO]: Creating session for user ID: 683c9943b83296a50e3a96ca
2025-06-02 10:08:29 [INFO]: Signing tokens for user ID: 683c9943b83296a50e3a96ca
2025-06-02 10:08:29 [INFO]: Login successful for user ID: 683c9943b83296a50e3a96ca
2025-06-02 10:23:09 [INFO]: Login attempt with email: emekarexchukwu@gmail.com
2025-06-02 10:23:10 [INFO]: Creating session for user ID: 683c9943b83296a50e3a96ca
2025-06-02 10:23:10 [INFO]: Signing tokens for user ID: 683c9943b83296a50e3a96ca
2025-06-02 10:23:10 [INFO]: Login successful for user ID: 683c9943b83296a50e3a96ca
2025-06-02 10:23:41 [INFO]: Login attempt with email: emekarexchukwu@gmail.com
2025-06-02 10:23:41 [INFO]: Creating session for user ID: 683c9943b83296a50e3a96ca
2025-06-02 10:23:41 [INFO]: Signing tokens for user ID: 683c9943b83296a50e3a96ca
2025-06-02 10:23:41 [INFO]: Login successful for user ID: 683c9943b83296a50e3a96ca
2025-06-02 10:24:10 [INFO]: Login attempt with email: emekarexchukwu@gmail.com
2025-06-02 10:24:10 [INFO]: Creating session for user ID: 683c9943b83296a50e3a96ca
2025-06-02 10:24:10 [INFO]: Signing tokens for user ID: 683c9943b83296a50e3a96ca
2025-06-02 10:24:10 [INFO]: Login successful for user ID: 683c9943b83296a50e3a96ca
2025-06-02 10:24:34 [INFO]: Login attempt with email: emekarexchukwu@gmail.com
2025-06-02 10:24:34 [INFO]: Creating session for user ID: 683c9943b83296a50e3a96ca
2025-06-02 10:24:34 [INFO]: Signing tokens for user ID: 683c9943b83296a50e3a96ca
2025-06-02 10:24:34 [INFO]: Login successful for user ID: 683c9943b83296a50e3a96ca
2025-06-02 11:03:09 [INFO]: Login attempt with email: emekarexchukwu@gmail.com
2025-06-02 11:03:09 [ERROR]: Login failed: Invalid password for user with email emekarexchukwu@gmail.com
2025-06-02 11:03:18 [INFO]: Login attempt with email: emekarexchukwu@gmail.com
2025-06-02 11:03:18 [ERROR]: Login failed: Invalid password for user with email emekarexchukwu@gmail.com
2025-06-02 11:03:29 [INFO]: Login attempt with email: emekarexchukwu@gmail.com
2025-06-02 11:03:29 [INFO]: Creating session for user ID: 683c9943b83296a50e3a96ca
2025-06-02 11:03:29 [INFO]: Signing tokens for user ID: 683c9943b83296a50e3a96ca
2025-06-02 11:03:29 [INFO]: Login successful for user ID: 683c9943b83296a50e3a96ca
2025-06-02 11:11:21 [INFO]: Login attempt with email: emekarexchukwu@gmail.com
2025-06-02 11:11:22 [INFO]: Creating session for user ID: 683c9943b83296a50e3a96ca
2025-06-02 11:11:22 [INFO]: Signing tokens for user ID: 683c9943b83296a50e3a96ca
2025-06-02 11:11:22 [INFO]: Login successful for user ID: 683c9943b83296a50e3a96ca
2025-06-02 11:13:41 [INFO]: Login attempt with email: emekarexchukwu@gmail.com
2025-06-02 11:13:41 [INFO]: Creating session for user ID: 683c9943b83296a50e3a96ca
2025-06-02 11:13:41 [INFO]: Signing tokens for user ID: 683c9943b83296a50e3a96ca
2025-06-02 11:13:41 [INFO]: Login successful for user ID: 683c9943b83296a50e3a96ca
2025-06-02 11:19:46 [INFO]: Login attempt with email: emekarexchukwu@gmail.com
2025-06-02 11:19:47 [INFO]: Creating session for user ID: 683c9943b83296a50e3a96ca
2025-06-02 11:19:47 [INFO]: Signing tokens for user ID: 683c9943b83296a50e3a96ca
2025-06-02 11:19:47 [INFO]: Login successful for user ID: 683c9943b83296a50e3a96ca
2025-06-02 12:43:14 [INFO]: Login attempt with email: emekarexchukwu@gmail.com
2025-06-02 12:43:15 [INFO]: Creating session for user ID: 683c9943b83296a50e3a96ca
2025-06-02 12:43:15 [INFO]: Signing tokens for user ID: 683c9943b83296a50e3a96ca
2025-06-02 12:43:15 [INFO]: Login successful for user ID: 683c9943b83296a50e3a96ca
2025-06-02 12:43:53 [INFO]: Login attempt with email: emekarexchukwu@gmail.com
2025-06-02 12:43:53 [INFO]: Creating session for user ID: 683c9943b83296a50e3a96ca
2025-06-02 12:43:53 [INFO]: Signing tokens for user ID: 683c9943b83296a50e3a96ca
2025-06-02 12:43:53 [INFO]: Login successful for user ID: 683c9943b83296a50e3a96ca
2025-06-02 12:48:31 [INFO]: Login attempt with email: emekarexchukwu@gmail.com
2025-06-02 12:48:32 [INFO]: Creating session for user ID: 683c9943b83296a50e3a96ca
2025-06-02 12:48:33 [INFO]: Signing tokens for user ID: 683c9943b83296a50e3a96ca
2025-06-02 12:48:33 [INFO]: Login successful for user ID: 683c9943b83296a50e3a96ca
2025-06-02 12:52:17 [INFO]: Login attempt with email: emekarexchukwu@gmail.com
2025-06-02 12:52:18 [INFO]: Creating session for user ID: 683c9943b83296a50e3a96ca
2025-06-02 12:52:18 [INFO]: Signing tokens for user ID: 683c9943b83296a50e3a96ca
2025-06-02 12:52:18 [INFO]: Login successful for user ID: 683c9943b83296a50e3a96ca
2025-06-02 12:54:54 [INFO]: Login attempt with email: emekarexchukwu@gmail.com
2025-06-02 12:54:56 [INFO]: Creating session for user ID: 683c9943b83296a50e3a96ca
2025-06-02 12:54:56 [INFO]: Signing tokens for user ID: 683c9943b83296a50e3a96ca
2025-06-02 12:54:56 [INFO]: Login successful for user ID: 683c9943b83296a50e3a96ca
2025-06-02 12:55:07 [INFO]: Login attempt with email: emekarexchukwu@gmail.com
2025-06-02 12:55:07 [INFO]: Creating session for user ID: 683c9943b83296a50e3a96ca
2025-06-02 12:55:07 [INFO]: Signing tokens for user ID: 683c9943b83296a50e3a96ca
2025-06-02 12:55:07 [INFO]: Login successful for user ID: 683c9943b83296a50e3a96ca
2025-06-02 12:55:10 [INFO]: Login attempt with email: emekarexchukwu@gmail.com
2025-06-02 12:55:11 [INFO]: Creating session for user ID: 683c9943b83296a50e3a96ca
2025-06-02 12:55:11 [INFO]: Signing tokens for user ID: 683c9943b83296a50e3a96ca
2025-06-02 12:55:11 [INFO]: Login successful for user ID: 683c9943b83296a50e3a96ca
2025-06-02 12:55:35 [INFO]: Login attempt with email: emekarexchukwu@gmail.com
2025-06-02 12:55:36 [INFO]: Creating session for user ID: 683c9943b83296a50e3a96ca
2025-06-02 12:55:36 [INFO]: Signing tokens for user ID: 683c9943b83296a50e3a96ca
2025-06-02 12:55:36 [INFO]: Login successful for user ID: 683c9943b83296a50e3a96ca
2025-06-02 12:55:52 [INFO]: Login attempt with email: emekarexchukwu@gmail.com
2025-06-02 12:55:52 [INFO]: Creating session for user ID: 683c9943b83296a50e3a96ca
2025-06-02 12:55:52 [INFO]: Signing tokens for user ID: 683c9943b83296a50e3a96ca
2025-06-02 12:55:52 [INFO]: Login successful for user ID: 683c9943b83296a50e3a96ca
2025-06-02 12:56:54 [INFO]: Login attempt with email: emekarexchukwu@gmail.com
2025-06-02 12:56:54 [INFO]: Creating session for user ID: 683c9943b83296a50e3a96ca
2025-06-02 12:56:54 [INFO]: Signing tokens for user ID: 683c9943b83296a50e3a96ca
2025-06-02 12:56:54 [INFO]: Login successful for user ID: 683c9943b83296a50e3a96ca
2025-06-02 12:57:40 [INFO]: Login attempt with email: emekarexchukwu@gmail.com
2025-06-02 12:57:46 [INFO]: Creating session for user ID: 683c9943b83296a50e3a96ca
2025-06-02 12:57:46 [INFO]: Signing tokens for user ID: 683c9943b83296a50e3a96ca
2025-06-02 12:57:46 [INFO]: Login successful for user ID: 683c9943b83296a50e3a96ca
2025-06-02 13:00:52 [INFO]: Login attempt with email: emekarexchukwu@gmail.com
2025-06-02 13:00:57 [INFO]: Creating session for user ID: 683c9943b83296a50e3a96ca
2025-06-02 13:00:57 [INFO]: Signing tokens for user ID: 683c9943b83296a50e3a96ca
2025-06-02 13:00:57 [INFO]: Login successful for user ID: 683c9943b83296a50e3a96ca
2025-06-02 13:03:37 [INFO]: Login attempt with email: emekarexchukwu@gmail.com
2025-06-02 13:03:37 [INFO]: Creating session for user ID: 683c9943b83296a50e3a96ca
2025-06-02 13:03:37 [INFO]: Signing tokens for user ID: 683c9943b83296a50e3a96ca
2025-06-02 13:03:37 [INFO]: Login successful for user ID: 683c9943b83296a50e3a96ca
2025-06-02 13:05:46 [INFO]: Login attempt with email: emekarexchukwu@gmail.com
2025-06-02 13:05:46 [INFO]: Creating session for user ID: 683c9943b83296a50e3a96ca
2025-06-02 13:05:46 [INFO]: Signing tokens for user ID: 683c9943b83296a50e3a96ca
2025-06-02 13:05:46 [INFO]: Login successful for user ID: 683c9943b83296a50e3a96ca
2025-06-02 13:08:18 [INFO]: Login attempt with email: emekarexchukwu@gmail.com
2025-06-02 13:08:18 [INFO]: Creating session for user ID: 683c9943b83296a50e3a96ca
2025-06-02 13:08:19 [INFO]: Signing tokens for user ID: 683c9943b83296a50e3a96ca
2025-06-02 13:08:19 [INFO]: Login successful for user ID: 683c9943b83296a50e3a96ca
2025-06-02 13:08:40 [INFO]: Login attempt with email: emekarexchukwu@gmail.com
2025-06-02 13:08:40 [INFO]: Creating session for user ID: 683c9943b83296a50e3a96ca
2025-06-02 13:08:41 [INFO]: Signing tokens for user ID: 683c9943b83296a50e3a96ca
2025-06-02 13:08:41 [INFO]: Login successful for user ID: 683c9943b83296a50e3a96ca
2025-06-02 13:12:06 [INFO]: Login attempt with email: emekarexchukwu@gmail.com
2025-06-02 13:12:06 [INFO]: Creating session for user ID: 683c9943b83296a50e3a96ca
2025-06-02 13:12:07 [INFO]: Signing tokens for user ID: 683c9943b83296a50e3a96ca
2025-06-02 13:12:07 [INFO]: Login successful for user ID: 683c9943b83296a50e3a96ca
2025-06-02 13:14:08 [INFO]: Login attempt with email: emekarexchukwu@gmail.com
2025-06-02 13:14:17 [INFO]: Creating session for user ID: 683c9943b83296a50e3a96ca
2025-06-02 13:14:17 [INFO]: Signing tokens for user ID: 683c9943b83296a50e3a96ca
2025-06-02 13:14:17 [INFO]: Login successful for user ID: 683c9943b83296a50e3a96ca
2025-06-02 13:15:13 [INFO]: Login attempt with email: emekarexchukwu@gmail.com
2025-06-02 13:15:13 [INFO]: Creating session for user ID: 683c9943b83296a50e3a96ca
2025-06-02 13:15:13 [INFO]: Signing tokens for user ID: 683c9943b83296a50e3a96ca
2025-06-02 13:15:13 [INFO]: Login successful for user ID: 683c9943b83296a50e3a96ca
2025-06-02 13:18:03 [INFO]: Login attempt with email: emekarexchukwu@gmail.com
2025-06-02 13:18:03 [INFO]: Creating session for user ID: 683c9943b83296a50e3a96ca
2025-06-02 13:18:03 [INFO]: Signing tokens for user ID: 683c9943b83296a50e3a96ca
2025-06-02 13:18:03 [INFO]: Login successful for user ID: 683c9943b83296a50e3a96ca
2025-06-02 13:30:11 [INFO]: Login attempt with email: emekarexchukwu@gmail.com
2025-06-02 13:30:12 [INFO]: Creating session for user ID: 683c9943b83296a50e3a96ca
2025-06-02 13:30:12 [INFO]: Signing tokens for user ID: 683c9943b83296a50e3a96ca
2025-06-02 13:30:12 [INFO]: Login successful for user ID: 683c9943b83296a50e3a96ca
2025-06-02 13:30:18 [INFO]: Login attempt with email: emekarexchukwu@gmail.com
2025-06-02 13:30:18 [INFO]: Creating session for user ID: 683c9943b83296a50e3a96ca
2025-06-02 13:30:18 [INFO]: Signing tokens for user ID: 683c9943b83296a50e3a96ca
2025-06-02 13:30:18 [INFO]: Login successful for user ID: 683c9943b83296a50e3a96ca
2025-06-02 13:30:56 [INFO]: Login attempt with email: emekarexchukwu@gmail.com
2025-06-02 13:30:56 [INFO]: Creating session for user ID: 683c9943b83296a50e3a96ca
2025-06-02 13:30:56 [INFO]: Signing tokens for user ID: 683c9943b83296a50e3a96ca
2025-06-02 13:30:56 [INFO]: Login successful for user ID: 683c9943b83296a50e3a96ca
2025-06-02 13:31:46 [INFO]: Login attempt with email: emekarexchukwu@gmail.com
2025-06-02 13:31:46 [INFO]: Creating session for user ID: 683c9943b83296a50e3a96ca
2025-06-02 13:31:47 [INFO]: Signing tokens for user ID: 683c9943b83296a50e3a96ca
2025-06-02 13:31:47 [INFO]: Login successful for user ID: 683c9943b83296a50e3a96ca
2025-06-02 13:31:49 [INFO]: Login attempt with email: emekarexchukwu@gmail.com
2025-06-02 13:31:49 [INFO]: Creating session for user ID: 683c9943b83296a50e3a96ca
2025-06-02 13:31:49 [INFO]: Signing tokens for user ID: 683c9943b83296a50e3a96ca
2025-06-02 13:31:49 [INFO]: Login successful for user ID: 683c9943b83296a50e3a96ca
2025-06-02 13:32:22 [INFO]: Login attempt with email: emekarexchukwu@gmail.com
2025-06-02 13:32:23 [INFO]: Creating session for user ID: 683c9943b83296a50e3a96ca
2025-06-02 13:32:23 [INFO]: Signing tokens for user ID: 683c9943b83296a50e3a96ca
2025-06-02 13:32:23 [INFO]: Login successful for user ID: 683c9943b83296a50e3a96ca
2025-06-02 13:33:34 [INFO]: Login attempt with email: emekarexchukwu@gmail.com
2025-06-02 13:33:35 [INFO]: Creating session for user ID: 683c9943b83296a50e3a96ca
2025-06-02 13:33:35 [INFO]: Signing tokens for user ID: 683c9943b83296a50e3a96ca
2025-06-02 13:33:35 [INFO]: Login successful for user ID: 683c9943b83296a50e3a96ca
2025-06-02 13:34:39 [INFO]: Login attempt with email: emekarexchukwu@gmail.com
2025-06-02 13:34:39 [INFO]: Creating session for user ID: 683c9943b83296a50e3a96ca
2025-06-02 13:34:40 [INFO]: Signing tokens for user ID: 683c9943b83296a50e3a96ca
2025-06-02 13:34:40 [INFO]: Login successful for user ID: 683c9943b83296a50e3a96ca
2025-06-02 13:36:06 [INFO]: Login attempt with email: emekarexchukwu@gmail.com
2025-06-02 13:36:10 [INFO]: Creating session for user ID: 683c9943b83296a50e3a96ca
2025-06-02 13:36:10 [INFO]: Signing tokens for user ID: 683c9943b83296a50e3a96ca
2025-06-02 13:36:10 [INFO]: Login successful for user ID: 683c9943b83296a50e3a96ca
2025-06-02 13:37:15 [INFO]: Login attempt with email: emekarexchukwu@gmail.com
2025-06-02 13:37:15 [ERROR]: Login failed: User with email emekarexchukwu@gmail.com not found
2025-06-02 13:37:51 [INFO]: Login attempt with email: emekarexchukwu@gmail.com
2025-06-02 13:37:52 [INFO]: Verification email sent to emekarexchukwu@gmail.com
2025-06-02 13:39:08 [INFO]: Login attempt with email: emekarexchukwu@gmail.com
2025-06-02 13:39:09 [INFO]: Verification email sent to emekarexchukwu@gmail.com
2025-06-02 13:39:41 [INFO]: Login attempt with email: emekarexchukwu@gmail.com
2025-06-02 13:39:41 [INFO]: Creating session for user ID: 683d9b11d5ec36766e7083d1
2025-06-02 13:39:41 [INFO]: Signing tokens for user ID: 683d9b11d5ec36766e7083d1
2025-06-02 13:39:41 [INFO]: Login successful for user ID: 683d9b11d5ec36766e7083d1
2025-06-02 13:41:13 [INFO]: Login attempt with email: emekarexchukwu@gmail.com
2025-06-02 13:41:13 [INFO]: Creating session for user ID: 683d9b11d5ec36766e7083d1
2025-06-02 13:41:13 [INFO]: Signing tokens for user ID: 683d9b11d5ec36766e7083d1
2025-06-02 13:41:13 [INFO]: Login successful for user ID: 683d9b11d5ec36766e7083d1
2025-06-02 13:42:21 [INFO]: Login attempt with email: emekarexchukwu@gmail.com
2025-06-02 13:42:29 [INFO]: Creating session for user ID: 683d9b11d5ec36766e7083d1
2025-06-02 13:42:30 [INFO]: Signing tokens for user ID: 683d9b11d5ec36766e7083d1
2025-06-02 13:42:30 [INFO]: Login successful for user ID: 683d9b11d5ec36766e7083d1
2025-06-02 13:42:36 [INFO]: Login attempt with email: emekarexchukwu@gmail.com
2025-06-02 13:42:36 [INFO]: Creating session for user ID: 683d9b11d5ec36766e7083d1
2025-06-02 13:42:36 [INFO]: Signing tokens for user ID: 683d9b11d5ec36766e7083d1
2025-06-02 13:42:36 [INFO]: Login successful for user ID: 683d9b11d5ec36766e7083d1
2025-06-02 13:42:59 [INFO]: Login attempt with email: emekarexchukwu@gmail.com
2025-06-02 13:42:59 [INFO]: Creating session for user ID: 683d9b11d5ec36766e7083d1
2025-06-02 13:42:59 [INFO]: Signing tokens for user ID: 683d9b11d5ec36766e7083d1
2025-06-02 13:42:59 [INFO]: Login successful for user ID: 683d9b11d5ec36766e7083d1
2025-06-02 13:48:29 [INFO]: Login attempt with email: emekarexchukwu@gmail.com
2025-06-02 13:48:29 [INFO]: Creating session for user ID: 683d9b11d5ec36766e7083d1
2025-06-02 13:48:30 [INFO]: Signing tokens for user ID: 683d9b11d5ec36766e7083d1
2025-06-02 13:48:30 [INFO]: Login successful for user ID: 683d9b11d5ec36766e7083d1
2025-06-02 13:49:41 [INFO]: Login attempt with email: emekarexchukwu@gmail.com
2025-06-02 13:49:41 [INFO]: Creating session for user ID: 683d9b11d5ec36766e7083d1
2025-06-02 13:49:41 [INFO]: Signing tokens for user ID: 683d9b11d5ec36766e7083d1
2025-06-02 13:49:41 [INFO]: Login successful for user ID: 683d9b11d5ec36766e7083d1
2025-06-02 13:50:17 [INFO]: Login attempt with email: emekarexchukwu@gmail.com
2025-06-02 13:50:23 [INFO]: Creating session for user ID: 683d9b11d5ec36766e7083d1
2025-06-02 13:50:23 [INFO]: Signing tokens for user ID: 683d9b11d5ec36766e7083d1
2025-06-02 13:50:23 [INFO]: Login successful for user ID: 683d9b11d5ec36766e7083d1
2025-06-02 13:50:26 [INFO]: Login attempt with email: emekarexchukwu@gmail.com
2025-06-02 13:50:27 [INFO]: Creating session for user ID: 683d9b11d5ec36766e7083d1
2025-06-02 13:50:27 [INFO]: Signing tokens for user ID: 683d9b11d5ec36766e7083d1
2025-06-02 13:50:27 [INFO]: Login successful for user ID: 683d9b11d5ec36766e7083d1
2025-06-02 13:51:16 [INFO]: Login attempt with email: emekarexchukwu@gmail.com
2025-06-02 13:51:16 [INFO]: Creating session for user ID: 683d9b11d5ec36766e7083d1
2025-06-02 13:51:17 [INFO]: Signing tokens for user ID: 683d9b11d5ec36766e7083d1
2025-06-02 13:51:17 [INFO]: Login successful for user ID: 683d9b11d5ec36766e7083d1
2025-06-02 13:51:19 [INFO]: Login attempt with email: emekarexchukwu@gmail.com
2025-06-02 13:51:20 [INFO]: Creating session for user ID: 683d9b11d5ec36766e7083d1
2025-06-02 13:51:20 [INFO]: Signing tokens for user ID: 683d9b11d5ec36766e7083d1
2025-06-02 13:51:20 [INFO]: Login successful for user ID: 683d9b11d5ec36766e7083d1
2025-06-02 13:52:53 [INFO]: Login attempt with email: emekarexchukwu@gmail.com
2025-06-02 13:53:00 [INFO]: Creating session for user ID: 683d9b11d5ec36766e7083d1
2025-06-02 13:53:00 [INFO]: Signing tokens for user ID: 683d9b11d5ec36766e7083d1
2025-06-02 13:53:00 [INFO]: Login successful for user ID: 683d9b11d5ec36766e7083d1
2025-06-02 13:53:35 [INFO]: Login attempt with email: emekarexchukwu@gmail.com
2025-06-02 13:53:35 [INFO]: Creating session for user ID: 683d9b11d5ec36766e7083d1
2025-06-02 13:53:35 [INFO]: Signing tokens for user ID: 683d9b11d5ec36766e7083d1
2025-06-02 13:53:35 [INFO]: Login successful for user ID: 683d9b11d5ec36766e7083d1
2025-06-02 13:55:04 [INFO]: Login attempt with email: emekarexchukwu@gmail.com
2025-06-02 13:55:04 [INFO]: Creating session for user ID: 683d9b11d5ec36766e7083d1
2025-06-02 13:55:04 [INFO]: Signing tokens for user ID: 683d9b11d5ec36766e7083d1
2025-06-02 13:55:04 [INFO]: Login successful for user ID: 683d9b11d5ec36766e7083d1
2025-06-02 13:58:29 [INFO]: Login attempt with email: emekarexchukwu@gmail.com
2025-06-02 13:58:29 [INFO]: Creating session for user ID: 683d9b11d5ec36766e7083d1
2025-06-02 13:58:29 [INFO]: Signing tokens for user ID: 683d9b11d5ec36766e7083d1
2025-06-02 13:58:29 [INFO]: Login successful for user ID: 683d9b11d5ec36766e7083d1
2025-06-02 14:01:48 [INFO]: Login attempt with email: emekarexchukwu@gmail.com
2025-06-02 14:01:48 [INFO]: Creating session for user ID: 683d9b11d5ec36766e7083d1
2025-06-02 14:01:48 [INFO]: Signing tokens for user ID: 683d9b11d5ec36766e7083d1
2025-06-02 14:01:48 [INFO]: Login successful for user ID: 683d9b11d5ec36766e7083d1
2025-06-02 14:02:09 [INFO]: Login attempt with email: emekarexchukwu@gmail.com
2025-06-02 14:02:09 [INFO]: Creating session for user ID: 683d9b11d5ec36766e7083d1
2025-06-02 14:02:09 [INFO]: Signing tokens for user ID: 683d9b11d5ec36766e7083d1
2025-06-02 14:02:09 [INFO]: Login successful for user ID: 683d9b11d5ec36766e7083d1
2025-06-02 14:03:59 [INFO]: Login attempt with email: emekarexchukwu@gmail.com
2025-06-02 14:04:00 [INFO]: Creating session for user ID: 683d9b11d5ec36766e7083d1
2025-06-02 14:04:00 [INFO]: Signing tokens for user ID: 683d9b11d5ec36766e7083d1
2025-06-02 14:04:00 [INFO]: Login successful for user ID: 683d9b11d5ec36766e7083d1
2025-06-02 14:04:53 [INFO]: Login attempt with email: emekarexchukwu@gmail.com
2025-06-02 14:04:54 [INFO]: Creating session for user ID: 683d9b11d5ec36766e7083d1
2025-06-02 14:04:54 [INFO]: Signing tokens for user ID: 683d9b11d5ec36766e7083d1
2025-06-02 14:04:54 [INFO]: Login successful for user ID: 683d9b11d5ec36766e7083d1
2025-06-02 14:05:33 [INFO]: Login attempt with email: emekarexchukwu@gmail.com
2025-06-02 14:05:33 [INFO]: Creating session for user ID: 683d9b11d5ec36766e7083d1
2025-06-02 14:05:33 [INFO]: Signing tokens for user ID: 683d9b11d5ec36766e7083d1
2025-06-02 14:05:33 [INFO]: Login successful for user ID: 683d9b11d5ec36766e7083d1
2025-06-02 14:08:59 [INFO]: Login attempt with email: emekarexchukwu@gmail.com
2025-06-02 14:08:59 [INFO]: Creating session for user ID: 683d9b11d5ec36766e7083d1
2025-06-02 14:08:59 [INFO]: Signing tokens for user ID: 683d9b11d5ec36766e7083d1
2025-06-02 14:08:59 [INFO]: Login successful for user ID: 683d9b11d5ec36766e7083d1
2025-06-02 14:10:50 [INFO]: Login attempt with email: emekarexchukwu@gmail.com
2025-06-02 14:10:50 [INFO]: Creating session for user ID: 683d9b11d5ec36766e7083d1
2025-06-02 14:10:50 [INFO]: Signing tokens for user ID: 683d9b11d5ec36766e7083d1
2025-06-02 14:10:50 [INFO]: Login successful for user ID: 683d9b11d5ec36766e7083d1
2025-06-02 14:13:40 [INFO]: Login attempt with email: emekarexchukwu@gmail.com
2025-06-02 14:13:40 [INFO]: Creating session for user ID: 683d9b11d5ec36766e7083d1
2025-06-02 14:13:40 [INFO]: Signing tokens for user ID: 683d9b11d5ec36766e7083d1
2025-06-02 14:13:40 [INFO]: Login successful for user ID: 683d9b11d5ec36766e7083d1
2025-06-02 14:25:28 [INFO]: Login attempt with email: emekarexchukwu@gmail.com
2025-06-02 14:25:28 [INFO]: Creating session for user ID: 683d9b11d5ec36766e7083d1
2025-06-02 14:25:28 [INFO]: Signing tokens for user ID: 683d9b11d5ec36766e7083d1
2025-06-02 14:25:28 [INFO]: Login successful for user ID: 683d9b11d5ec36766e7083d1
